[2024-10-15 18:44:47,634][ INFO] ti5Motor 1has been created!
[2024-10-15 18:44:47,634][ INFO] ti5Motor 2has been created!
[2024-10-15 18:44:47,634][ INFO] ti5Motor 3has been created!
[2024-10-15 18:44:47,634][ INFO] ti5Motor 4has been created!
[2024-10-15 18:44:47,634][ INFO] ti5Motor 5has been created!
[2024-10-15 18:44:47,634][ INFO] Homing!
[2024-10-15 18:44:47,634][ INFO] Moving to 0.000000 with velocity 0.523599
[2024-10-15 18:44:47,634][DEBUG] Sent message!58 00 00 00 00 49 03 00 
[2024-10-15 18:44:47,634][ INFO] Homing!
[2024-10-15 18:44:47,634][ INFO] Moving to 0.000000 with velocity 0.523599
[2024-10-15 18:44:47,634][DEBUG] Sent message!58 00 00 00 00 49 03 00 
[2024-10-15 18:45:04,045][ INFO] ti5Motor 1has been created!
[2024-10-15 18:45:04,045][ INFO] ti5Motor 2has been created!
[2024-10-15 18:45:04,045][ INFO] ti5Motor 3has been created!
[2024-10-15 18:45:04,045][ INFO] ti5Motor 4has been created!
[2024-10-15 18:45:04,045][ INFO] ti5Motor 5has been created!
[2024-10-15 18:45:04,045][ INFO] Homing!
[2024-10-15 18:45:04,045][ INFO] Moving to 0.000000 with velocity 0.523599
[2024-10-15 18:45:04,045][DEBUG] Sent message!58 00 00 00 00 49 03 00 
[2024-10-15 18:45:04,045][ INFO] Homing!
[2024-10-15 18:45:04,045][ INFO] Moving to 0.000000 with velocity 0.523599
[2024-10-15 18:45:04,045][DEBUG] Sent message!58 00 00 00 00 49 03 00 
[2024-10-15 18:46:14,837][ INFO] ti5Motor 1has been created!
[2024-10-15 18:46:14,837][ INFO] ti5Motor 2has been created!
[2024-10-15 18:46:14,837][ INFO] ti5Motor 3has been created!
[2024-10-15 18:46:14,837][ INFO] ti5Motor 4has been created!
[2024-10-15 18:46:14,837][ INFO] ti5Motor 5has been created!
[2024-10-15 18:46:14,837][ INFO] Homing!
[2024-10-15 18:46:14,837][ INFO] Moving to 0.000000 with velocity 0.523599
[2024-10-15 18:46:14,837][DEBUG] Sent message!58 00 00 00 00 49 03 00 
[2024-10-15 18:46:14,837][ INFO] Homing!
[2024-10-15 18:46:14,837][ INFO] Moving to 0.000000 with velocity 0.523599
[2024-10-15 18:46:14,837][DEBUG] Sent message!58 00 00 00 00 49 03 00 
[2024-10-15 18:46:48,363][ INFO] ti5Motor 1has been created!
[2024-10-15 18:46:48,363][ INFO] ti5Motor 2has been created!
[2024-10-15 18:46:48,363][ INFO] ti5Motor 3has been created!
[2024-10-15 18:46:48,363][ INFO] ti5Motor 4has been created!
[2024-10-15 18:46:48,363][ INFO] ti5Motor 5has been created!
[2024-10-15 18:46:48,363][ INFO] Homing!
[2024-10-15 18:46:48,363][ INFO] Moving to 0.000000 with velocity 0.523599
[2024-10-15 18:46:48,363][DEBUG] Sent message!58 00 00 00 00 49 03 00 
[2024-10-15 18:46:48,363][ INFO] Homing!
[2024-10-15 18:46:48,363][ INFO] Moving to 0.000000 with velocity 0.523599
[2024-10-15 18:46:48,363][DEBUG] Sent message!58 00 00 00 00 49 03 00 
[2024-10-15 19:15:13,547][ INFO] ti5Motor 1has been created!
[2024-10-15 19:15:13,547][ INFO] ti5Motor 2has been created!
[2024-10-15 19:15:13,547][ INFO] ti5Motor 3has been created!
[2024-10-15 19:15:13,547][ INFO] ti5Motor 4has been created!
[2024-10-15 19:15:13,547][ INFO] ti5Motor 5has been created!
[2024-10-15 19:15:13,547][ INFO] Homing!
[2024-10-15 19:15:13,547][ INFO] Moving to 0.000000 with velocity 0.523599
[2024-10-15 19:15:13,547][DEBUG] Sent message!58 00 00 00 00 49 03 00 
[2024-10-15 19:15:13,547][ INFO] Homing!
[2024-10-15 19:15:13,547][ INFO] Moving to 0.000000 with velocity 0.523599
[2024-10-15 19:15:13,547][DEBUG] Sent message!58 00 00 00 00 49 03 00 
[2024-10-15 19:15:13,547][ INFO] Homing!
[2024-10-15 19:15:13,547][ INFO] Moving to 0.000000 with velocity 0.523599
[2024-10-15 19:15:13,547][DEBUG] Sent message!58 00 00 00 00 a3 02 bf 
[2024-10-15 19:15:13,547][ INFO] Homing!
[2024-10-15 19:15:13,547][ INFO] Moving to 0.000000 with velocity 0.523599
[2024-10-15 19:15:13,547][DEBUG] Sent message!58 00 00 00 00 a3 02 00 
[2024-10-15 19:15:13,547][ INFO] Homing!
[2024-10-15 19:15:13,547][ INFO] Moving to 0.000000 with velocity 0.523599
[2024-10-15 19:15:13,547][DEBUG] Sent message!58 00 00 00 00 a9 01 00 
[2024-10-15 19:26:36,002][ INFO] ti5Motor 1has been created!
[2024-10-15 19:26:36,002][ INFO] ti5Motor 2has been created!
[2024-10-15 19:26:36,002][ INFO] ti5Motor 3has been created!
[2024-10-15 19:26:36,002][ INFO] ti5Motor 4has been created!
[2024-10-15 19:26:36,002][ INFO] ti5Motor 5has been created!
[2024-10-15 19:28:01,017][ INFO] ti5Motor 1has been created!
[2024-10-15 19:28:01,017][ INFO] ti5Motor 2has been created!
[2024-10-15 19:28:01,018][ INFO] ti5Motor 3has been created!
[2024-10-15 19:28:01,018][ INFO] ti5Motor 4has been created!
[2024-10-15 19:28:01,018][ INFO] ti5Motor 5has been created!
[2024-10-15 19:28:01,018][ INFO] Homing!
[2024-10-15 19:28:01,018][ INFO] Moving to 0.000000 with velocity 0.523599
[2024-10-15 20:04:10,304][ INFO] ti5Motor 0has been created!
[2024-10-15 20:04:10,304][ INFO] ti5Motor 1has been created!
[2024-10-15 20:04:10,304][ INFO] ti5Motor 2has been created!
[2024-10-15 20:04:10,304][ INFO] ti5Motor 3has been created!
[2024-10-15 20:04:10,304][ INFO] ti5Motor 4has been created!
[2024-10-15 20:04:10,304][ INFO] Resetting!
[2024-10-15 20:04:10,304][DEBUG] Sent message!0b 6b 35 00 00 00 00 00 
[2024-10-15 20:04:10,304][ INFO] Resetting!
[2024-10-15 20:04:10,304][DEBUG] Sent message!0b 00 00 00 00 00 00 00 
[2024-10-15 20:04:10,304][ INFO] Resetting!
[2024-10-15 20:04:10,304][DEBUG] Sent message!0b ae 4e 1e 00 fb 0b bf 
[2024-10-15 20:04:10,304][ INFO] Resetting!
[2024-10-15 20:04:10,304][DEBUG] Sent message!0b 7f 6d d4 72 55 00 00 
[2024-10-15 20:04:10,304][ INFO] Resetting!
[2024-10-15 20:04:10,304][DEBUG] Sent message!0b 5e ae b4 fd 7f 00 00 
[2024-10-15 20:06:53,662][ INFO] ti5Motor 0has been created!
[2024-10-15 20:06:53,662][ INFO] ti5Motor 1has been created!
[2024-10-15 20:06:53,662][ INFO] ti5Motor 2has been created!
[2024-10-15 20:06:53,662][ INFO] ti5Motor 3has been created!
[2024-10-15 20:06:53,662][ INFO] ti5Motor 4has been created!
[2024-10-15 20:06:53,662][ INFO] Resetting!
[2024-10-15 20:06:53,662][DEBUG] 1Sent message!0b 6b 35 00 00 00 00 00 
[2024-10-15 20:06:53,662][ INFO] Resetting!
[2024-10-15 20:06:53,662][DEBUG] 1Sent message!0b 00 00 00 00 00 00 00 
[2024-10-15 20:06:53,662][ INFO] Resetting!
[2024-10-15 20:06:53,662][DEBUG] 1Sent message!0b ae 4e 1e 00 fb 0b bf 
[2024-10-15 20:06:53,662][ INFO] Resetting!
[2024-10-15 20:06:53,662][DEBUG] 1Sent message!0b 5f 1b 24 16 56 00 00 
[2024-10-15 20:06:53,662][ INFO] Resetting!
[2024-10-15 20:06:53,662][DEBUG] 1Sent message!0b 94 34 e2 ff 7f 00 00 
[2024-10-15 20:11:33,276][ INFO] ti5Motor 0has been created!
[2024-10-15 20:11:33,276][ INFO] ti5Motor 1has been created!
[2024-10-15 20:11:33,276][ INFO] ti5Motor 2has been created!
[2024-10-15 20:11:33,276][ INFO] ti5Motor 3has been created!
[2024-10-15 20:11:33,276][ INFO] ti5Motor 4has been created!
[2024-10-15 20:11:33,276][ INFO] Resetting!
[2024-10-15 20:11:33,276][DEBUG] Sent 1bytes message!0b 6b 35 00 00 00 00 00 
[2024-10-15 20:11:33,276][ INFO] Resetting!
[2024-10-15 20:11:33,276][DEBUG] Sent 1bytes message!0b 00 00 00 00 00 00 00 
[2024-10-15 20:11:33,276][ INFO] Resetting!
[2024-10-15 20:11:33,276][DEBUG] Sent 1bytes message!0b ae 4e 1e 00 fb 0b bf 
[2024-10-15 20:11:33,276][ INFO] Resetting!
[2024-10-15 20:11:33,276][DEBUG] Sent 1bytes message!0b 9f b1 68 f6 55 00 00 
[2024-10-15 20:11:33,276][ INFO] Resetting!
[2024-10-15 20:11:33,276][DEBUG] Sent 1bytes message!0b 93 da c6 fc 7f 00 00 
[2024-10-15 20:15:13,869][ INFO] ti5Motor 0has been created!
[2024-10-15 20:15:13,869][ INFO] ti5Motor 1has been created!
[2024-10-15 20:15:13,869][ INFO] ti5Motor 2has been created!
[2024-10-15 20:15:13,869][ INFO] ti5Motor 3has been created!
[2024-10-15 20:15:13,869][ INFO] ti5Motor 4has been created!
[2024-10-15 20:15:13,869][ INFO] Resetting!
[2024-10-15 20:15:13,869][DEBUG] Sent 1bytes message!0b 6b 35 00 00 00 00 00 
[2024-10-15 20:15:13,869][ INFO] Resetting!
[2024-10-15 20:15:13,869][DEBUG] Sent 1bytes message!0b 00 00 00 00 00 00 00 
[2024-10-15 20:15:13,869][ INFO] Resetting!
[2024-10-15 20:15:13,869][DEBUG] Sent 1bytes message!0b ae 4e 1e 00 fb 0b bf 
[2024-10-15 20:15:13,869][ INFO] Resetting!
[2024-10-15 20:15:13,869][DEBUG] Sent 1bytes message!0b 0f e5 c3 85 55 00 00 
[2024-10-15 20:15:13,869][ INFO] Resetting!
[2024-10-15 20:15:13,869][DEBUG] Sent 1bytes message!0b df e8 3c fd 7f 00 00 
[2024-10-15 20:46:08,310][ INFO] ti5Motor 0has been created!
[2024-10-15 20:46:08,310][ INFO] ti5Motor 1has been created!
[2024-10-15 20:46:08,310][ INFO] ti5Motor 2has been created!
[2024-10-15 20:46:08,310][ INFO] ti5Motor 3has been created!
[2024-10-15 20:46:08,310][ INFO] ti5Motor 4has been created!
[2024-10-15 20:46:08,310][ INFO] Getting CSP!
[2024-10-15 20:46:08,310][DEBUG] Sent 1bytes message!41 6b 35 00 00 00 00 00 
[2024-10-15 20:46:12,148][ INFO] ti5Motor 0has been created!
[2024-10-15 20:46:12,148][ INFO] ti5Motor 1has been created!
[2024-10-15 20:46:12,148][ INFO] ti5Motor 2has been created!
[2024-10-15 20:46:12,148][ INFO] ti5Motor 3has been created!
[2024-10-15 20:46:12,148][ INFO] ti5Motor 4has been created!
[2024-10-15 20:46:12,148][ INFO] Getting CSP!
[2024-10-15 20:46:12,148][DEBUG] Sent 1bytes message!41 6b 35 00 00 00 00 00 
[2024-10-15 20:46:15,152][ERROR] Receive Timeout! 
[2024-10-15 20:46:15,152][ INFO] Getting CSP!
[2024-10-15 20:46:15,152][DEBUG] Sent 1bytes message!41 00 00 00 00 00 00 00 
[2024-10-15 20:46:18,155][ERROR] Receive Timeout! 
[2024-10-15 20:46:18,155][ INFO] Getting CSP!
[2024-10-15 20:46:18,155][DEBUG] Sent 1bytes message!41 ae 4e 1e 00 fb 0b bf 
[2024-10-15 20:46:21,159][ERROR] Receive Timeout! 
[2024-10-15 20:46:21,159][ INFO] Getting CSP!
[2024-10-15 20:46:21,159][DEBUG] Sent 1bytes message!41 5f 2a ec 08 56 00 00 
[2024-10-15 20:46:24,162][ERROR] Receive Timeout! 
[2024-10-15 20:46:24,162][ INFO] Getting CSP!
[2024-10-15 20:46:24,162][DEBUG] Sent 1bytes message!41 d3 cb 39 fe 7f 00 00 
[2024-10-15 20:46:27,166][ERROR] Receive Timeout! 
[2024-10-15 22:24:31,786][ INFO] ti5Motor 0has been created!
[2024-10-15 22:24:31,786][ INFO] ti5Motor 1has been created!
[2024-10-15 22:24:31,786][ INFO] ti5Motor 2has been created!
[2024-10-15 22:24:31,786][ INFO] ti5Motor 3has been created!
[2024-10-15 22:24:31,786][ INFO] ti5Motor 4has been created!
[2024-10-15 22:24:31,786][ INFO] Getting CSP!
[2024-10-15 22:24:31,786][DEBUG] Sent 1bytes message!41 6b 35 00 00 00 00 00 
[2024-10-15 22:24:34,789][ERROR] Receive Timeout! 
[2024-10-15 22:24:34,790][ INFO] Getting CSP!
[2024-10-15 22:24:34,790][DEBUG] Sent 1bytes message!41 00 00 00 00 00 00 00 
[2024-10-15 22:24:37,793][ERROR] Receive Timeout! 
[2024-10-15 22:24:37,793][ INFO] Getting CSP!
[2024-10-15 22:24:37,793][DEBUG] Sent 1bytes message!41 ae 4e 1e 00 fb 0b bf 
[2024-10-15 22:24:40,797][ERROR] Receive Timeout! 
[2024-10-15 22:24:40,797][ INFO] Getting CSP!
[2024-10-15 22:24:40,797][DEBUG] Sent 1bytes message!41 1f ce 69 31 56 00 00 
[2024-10-15 22:24:43,801][ERROR] Receive Timeout! 
[2024-10-15 22:24:43,801][ INFO] Getting CSP!
[2024-10-15 22:24:43,801][DEBUG] Sent 1bytes message!41 97 8e fa ff 7f 00 00 
[2024-10-15 22:24:46,805][ERROR] Receive Timeout! 
[2024-10-15 22:54:37,103][ INFO] ti5Motor 0has been created!
[2024-10-15 22:54:37,103][ INFO] ti5Motor 1has been created!
[2024-10-15 22:54:37,103][ INFO] ti5Motor 2has been created!
[2024-10-15 22:54:37,103][ INFO] ti5Motor 3has been created!
[2024-10-15 22:54:37,103][ INFO] ti5Motor 4has been created!
[2024-10-15 22:54:37,103][ INFO] Getting CSP!
[2024-10-15 22:54:37,103][DEBUG] Sent 1bytes message!41 00 00 00 00 00 00 00 
[2024-10-15 22:54:40,107][ERROR] Receive Timeout! 
[2024-10-15 22:54:40,107][ INFO] Getting CSP!
[2024-10-15 22:54:40,107][DEBUG] Sent 1bytes message!41 00 00 00 00 00 00 00 
[2024-10-15 22:54:43,110][ERROR] Receive Timeout! 
[2024-10-15 22:54:43,110][ INFO] Getting CSP!
[2024-10-15 22:54:43,110][DEBUG] Sent 1bytes message!41 00 00 00 00 00 00 00 
[2024-10-15 22:54:46,114][ERROR] Receive Timeout! 
[2024-10-15 22:54:46,114][ INFO] Getting CSP!
[2024-10-15 22:54:46,114][DEBUG] Sent 1bytes message!41 00 00 00 00 00 00 00 
[2024-10-15 22:54:49,118][ERROR] Receive Timeout! 
[2024-10-15 22:54:49,118][ INFO] Getting CSP!
[2024-10-15 22:54:49,118][DEBUG] Sent 1bytes message!41 00 00 00 00 00 00 00 
[2024-10-15 22:54:52,121][ERROR] Receive Timeout! 
[2024-10-15 22:56:14,378][ INFO] ti5Motor 0has been created!
[2024-10-15 22:56:14,378][ INFO] ti5Motor 1has been created!
[2024-10-15 22:56:14,378][ INFO] ti5Motor 2has been created!
[2024-10-15 22:56:14,378][ INFO] ti5Motor 3has been created!
[2024-10-15 22:56:14,378][ INFO] ti5Motor 4has been created!
[2024-10-15 22:56:14,378][ INFO] Getting CSP!
[2024-10-15 22:56:14,378][DEBUG] Sent 1bytes message!41 00 00 00 00 00 00 00 
[2024-10-15 22:56:17,381][ERROR] Receive Timeout! 
[2024-10-15 22:56:17,381][ INFO] Getting CSP!
[2024-10-15 22:56:17,381][DEBUG] Sent 1bytes message!41 00 00 00 00 00 00 00 
[2024-10-15 22:56:20,384][ERROR] Receive Timeout! 
[2024-10-15 22:56:20,385][ INFO] Getting CSP!
[2024-10-15 22:56:20,385][DEBUG] Sent 1bytes message!41 00 00 00 00 00 00 00 
[2024-10-15 22:56:23,385][ERROR] Receive Timeout! 
[2024-10-15 22:56:23,385][ INFO] Getting CSP!
[2024-10-15 22:56:23,385][DEBUG] Sent 1bytes message!41 00 00 00 00 00 00 00 
[2024-10-15 22:56:34,611][ INFO] ti5Motor 0has been created!
[2024-10-15 22:56:34,611][ INFO] ti5Motor 1has been created!
[2024-10-15 22:56:34,611][ INFO] ti5Motor 2has been created!
[2024-10-15 22:56:34,611][ INFO] ti5Motor 3has been created!
[2024-10-15 22:56:34,611][ INFO] ti5Motor 4has been created!
[2024-10-15 22:56:34,611][ INFO] frameNow -0.6026-4.82161e-06-9.87189e-07
[2024-10-15 22:57:14,817][ INFO] ti5Motor 0has been created!
[2024-10-15 22:57:14,817][ INFO] ti5Motor 1has been created!
[2024-10-15 22:57:14,817][ INFO] ti5Motor 2has been created!
[2024-10-15 22:57:14,817][ INFO] ti5Motor 3has been created!
[2024-10-15 22:57:14,817][ INFO] ti5Motor 4has been created!
[2024-10-15 22:57:14,817][ INFO] frameNow -0.6026-4.82161e-06-9.87189e-07
[2024-10-15 22:58:18,486][ INFO] ti5Motor 0has been created!
[2024-10-15 22:58:18,486][ INFO] ti5Motor 1has been created!
[2024-10-15 22:58:18,486][ INFO] ti5Motor 2has been created!
[2024-10-15 22:58:18,486][ INFO] ti5Motor 3has been created!
[2024-10-15 22:58:18,486][ INFO] ti5Motor 4has been created!
[2024-10-15 22:58:18,486][ INFO] frameNow: -0.6026,-4.82161e-06,-9.87189e-07
[2024-10-16 02:19:47,614][ INFO] ti5Motor 0has been created!
[2024-10-16 02:19:47,614][ INFO] ti5Motor 1has been created!
[2024-10-16 02:19:47,614][ INFO] ti5Motor 2has been created!
[2024-10-16 02:19:47,614][ INFO] ti5Motor 3has been created!
[2024-10-16 02:19:47,614][ INFO] ti5Motor 4has been created!
[2024-10-16 02:19:47,614][ INFO] Getting CSP!
[2024-10-16 02:19:47,614][DEBUG] Sent 1bytes message!41 00 00 00 00 00 00 00 
[2024-10-16 02:19:50,617][ERROR] Receive Timeout! 
[2024-10-16 02:19:50,617][ INFO] Getting CSP!
[2024-10-16 02:19:50,617][DEBUG] Sent 1bytes message!41 00 00 00 00 00 00 00 
[2024-10-16 02:19:53,621][ERROR] Receive Timeout! 
[2024-10-16 02:19:53,621][ INFO] Getting CSP!
[2024-10-16 02:19:53,621][DEBUG] Sent 1bytes message!41 00 00 00 00 00 00 00 
[2024-10-16 02:19:56,625][ERROR] Receive Timeout! 
[2024-10-16 02:19:56,625][ INFO] Getting CSP!
[2024-10-16 02:19:56,625][DEBUG] Sent 1bytes message!41 00 00 00 00 00 00 00 
[2024-10-16 02:19:59,628][ERROR] Receive Timeout! 
[2024-10-16 02:19:59,628][ INFO] Getting CSP!
[2024-10-16 02:19:59,628][DEBUG] Sent 1bytes message!41 00 00 00 00 00 00 00 
[2024-10-16 02:20:02,631][ERROR] Receive Timeout! 
[2024-10-16 02:20:02,631][ INFO] frameNow: -0.6026,-4.82161e-06,-9.87189e-07
[2024-10-16 02:20:02,632][ INFO] At time 0, position is (-0.6026, -4.82161e-06, -9.87189e-07) and rotation is (-6.17814e-06, -1.49072e-05, -1, -0.156527)
[2024-10-16 02:20:02,632][ INFO] At time 0.01, position is (-0.5926, -4.7416e-06, -9.70807e-07) and rotation is (0.0260015, 0.00200657, -0.99966, -0.154478)
[2024-10-16 02:20:02,632][ INFO] At time 0.02, position is (-0.5826, -4.66158e-06, -9.54425e-07) and rotation is (0.0519956, 0.00397341, -0.998639, -0.152375)
[2024-10-16 02:20:02,632][ INFO] At time 0.03, position is (-0.5726, -4.58157e-06, -9.38043e-07) and rotation is (0.0779583, 0.00588425, -0.996939, -0.150222)
[2024-10-16 02:20:02,632][ INFO] At time 0.04, position is (-0.5626, -4.50156e-06, -9.21661e-07) and rotation is (0.103872, 0.00773779, -0.994561, -0.148019)
[2024-10-16 02:20:02,632][ INFO] At time 0.05, position is (-0.5526, -4.42154e-06, -9.05278e-07) and rotation is (0.129718, 0.00953276, -0.991505, -0.145768)
[2024-10-16 02:20:02,632][ INFO] At time 0.06, position is (-0.5426, -4.34153e-06, -8.88896e-07) and rotation is (0.15548, 0.0112679, -0.987775, -0.14347)
[2024-10-16 02:20:02,632][ INFO] At time 0.07, position is (-0.5326, -4.26152e-06, -8.72514e-07) and rotation is (0.18114, 0.0129421, -0.983372, -0.141128)
[2024-10-16 02:20:02,632][ INFO] At time 0.08, position is (-0.5226, -4.1815e-06, -8.56132e-07) and rotation is (0.20668, 0.0145542, -0.9783, -0.138742)
[2024-10-16 02:20:02,632][ INFO] At time 0.09, position is (-0.5126, -4.10149e-06, -8.3975e-07) and rotation is (0.232082, 0.016103, -0.972563, -0.136314)
[2024-10-16 02:20:02,632][ INFO] At time 0.1, position is (-0.5026, -4.02148e-06, -8.23368e-07) and rotation is (0.25733, 0.0175875, -0.966164, -0.133846)
[2024-10-16 02:20:02,632][ INFO] At time 0.11, position is (-0.4926, -3.94146e-06, -8.06985e-07) and rotation is (0.282405, 0.0190067, -0.959107, -0.13134)
[2024-10-16 02:20:02,632][ INFO] At time 0.12, position is (-0.4826, -3.86145e-06, -7.90603e-07) and rotation is (0.307292, 0.0203596, -0.951397, -0.128797)
[2024-10-16 02:20:02,632][ INFO] At time 0.13, position is (-0.4726, -3.78144e-06, -7.74221e-07) and rotation is (0.331972, 0.0216453, -0.943041, -0.126219)
[2024-10-16 02:20:02,632][ INFO] At time 0.14, position is (-0.4626, -3.70142e-06, -7.57839e-07) and rotation is (0.356429, 0.0228629, -0.934043, -0.123608)
[2024-10-16 02:20:02,632][ INFO] At time 0.15, position is (-0.4526, -3.62141e-06, -7.41457e-07) and rotation is (0.380647, 0.0240116, -0.924409, -0.120966)
[2024-10-16 02:20:02,632][ INFO] At time 0.16, position is (-0.4426, -3.5414e-06, -7.25075e-07) and rotation is (0.404607, 0.0250906, -0.914146, -0.118294)
[2024-10-16 02:20:02,632][ INFO] At time 0.17, position is (-0.4326, -3.46138e-06, -7.08692e-07) and rotation is (0.428295, 0.0260991, -0.903262, -0.115594)
[2024-10-16 02:20:02,632][ INFO] At time 0.18, position is (-0.4226, -3.38137e-06, -6.9231e-07) and rotation is (0.451694, 0.0270364, -0.891763, -0.112869)
[2024-10-16 02:20:02,632][ INFO] At time 0.19, position is (-0.4126, -3.30136e-06, -6.75928e-07) and rotation is (0.474788, 0.027902, -0.879658, -0.110119)
[2024-10-16 02:20:02,632][ INFO] At time 0.2, position is (-0.4026, -3.22134e-06, -6.59546e-07) and rotation is (0.49756, 0.0286952, -0.866955, -0.107348)
[2024-10-16 02:20:02,632][ INFO] At time 0.21, position is (-0.3926, -3.14133e-06, -6.43164e-07) and rotation is (0.519997, 0.0294155, -0.853662, -0.104556)
[2024-10-16 02:20:02,632][ INFO] At time 0.22, position is (-0.3826, -3.06132e-06, -6.26782e-07) and rotation is (0.542081, 0.0300624, -0.839788, -0.101746)
[2024-10-16 02:20:02,632][ INFO] At time 0.23, position is (-0.3726, -2.9813e-06, -6.10399e-07) and rotation is (0.563798, 0.0306354, -0.825344, -0.098919)
[2024-10-16 02:20:02,632][ INFO] At time 0.24, position is (-0.3626, -2.90129e-06, -5.94017e-07) and rotation is (0.585133, 0.0311341, -0.810339, -0.0960779)
[2024-10-16 02:20:02,632][ INFO] At time 0.25, position is (-0.3526, -2.82127e-06, -5.77635e-07) and rotation is (0.606072, 0.0315583, -0.794783, -0.0932242)
[2024-10-16 02:20:02,632][ INFO] At time 0.26, position is (-0.3426, -2.74126e-06, -5.61253e-07) and rotation is (0.6266, 0.0319076, -0.778687, -0.09036)
[2024-10-16 02:20:02,632][ INFO] At time 0.27, position is (-0.3326, -2.66125e-06, -5.44871e-07) and rotation is (0.646703, 0.0321817, -0.762062, -0.0874872)
[2024-10-16 02:20:02,632][ INFO] At time 0.28, position is (-0.3226, -2.58123e-06, -5.28489e-07) and rotation is (0.666368, 0.0323806, -0.74492, -0.0846078)
[2024-10-16 02:20:02,632][ INFO] At time 0.29, position is (-0.3126, -2.50122e-06, -5.12106e-07) and rotation is (0.68558, 0.032504, -0.727271, -0.0817237)
[2024-10-16 02:20:02,632][ INFO] At time 0.3, position is (-0.3026, -2.42121e-06, -4.95724e-07) and rotation is (0.704327, 0.0325519, -0.709129, -0.0788369)
[2024-10-16 02:20:02,632][ INFO] At time 0.31, position is (-0.2926, -2.34119e-06, -4.79342e-07) and rotation is (0.722596, 0.0325242, -0.690505, -0.0759493)
[2024-10-16 02:20:02,632][ INFO] At time 0.32, position is (-0.2826, -2.26118e-06, -4.6296e-07) and rotation is (0.740375, 0.032421, -0.671412, -0.0730631)
[2024-10-16 02:20:02,632][ INFO] At time 0.33, position is (-0.2726, -2.18117e-06, -4.46578e-07) and rotation is (0.75765, 0.0322423, -0.651864, -0.0701801)
[2024-10-16 02:20:02,632][ INFO] At time 0.34, position is (-0.2626, -2.10115e-06, -4.30196e-07) and rotation is (0.774411, 0.0319882, -0.631874, -0.0673022)
[2024-10-16 02:20:02,632][ INFO] At time 0.35, position is (-0.2526, -2.02114e-06, -4.13813e-07) and rotation is (0.790646, 0.031659, -0.611455, -0.0644316)
[2024-10-16 02:20:02,632][ INFO] At time 0.36, position is (-0.2426, -1.94113e-06, -3.97431e-07) and rotation is (0.806343, 0.0312548, -0.590622, -0.0615701)
[2024-10-16 02:20:02,632][ INFO] At time 0.37, position is (-0.2326, -1.86111e-06, -3.81049e-07) and rotation is (0.821493, 0.030776, -0.569388, -0.0587198)
[2024-10-16 02:20:02,632][ INFO] At time 0.38, position is (-0.2226, -1.7811e-06, -3.64667e-07) and rotation is (0.836084, 0.0302228, -0.547769, -0.0558824)
[2024-10-16 02:20:02,632][ INFO] At time 0.39, position is (-0.2126, -1.70109e-06, -3.48285e-07) and rotation is (0.850106, 0.0295956, -0.525779, -0.0530601)
[2024-10-16 02:20:02,632][ INFO] At time 0.4, position is (-0.2026, -1.62107e-06, -3.31903e-07) and rotation is (0.863551, 0.0288949, -0.503432, -0.0502548)
[2024-10-16 02:20:02,632][ INFO] At time 0.41, position is (-0.1926, -1.54106e-06, -3.1552e-07) and rotation is (0.876409, 0.0281211, -0.480746, -0.0474682)
[2024-10-16 02:20:02,632][ INFO] At time 0.42, position is (-0.1826, -1.46105e-06, -2.99138e-07) and rotation is (0.888671, 0.0272748, -0.457734, -0.0447025)
[2024-10-16 02:20:02,632][ INFO] At time 0.43, position is (-0.1726, -1.38103e-06, -2.82756e-07) and rotation is (0.900328, 0.0263566, -0.434413, -0.0419594)
[2024-10-16 02:20:02,632][ INFO] At time 0.44, position is (-0.1626, -1.30102e-06, -2.66374e-07) and rotation is (0.911373, 0.025367, -0.410799, -0.0392408)
[2024-10-16 02:20:02,632][ INFO] At time 0.45, position is (-0.1526, -1.22101e-06, -2.49992e-07) and rotation is (0.921798, 0.0243068, -0.386908, -0.0365487)
[2024-10-16 02:20:02,632][ INFO] At time 0.46, position is (-0.1426, -1.14099e-06, -2.3361e-07) and rotation is (0.931596, 0.0231767, -0.362756, -0.0338848)
[2024-10-16 02:20:02,632][ INFO] At time 0.47, position is (-0.1326, -1.06098e-06, -2.17228e-07) and rotation is (0.94076, 0.0219774, -0.338359, -0.0312509)
[2024-10-16 02:20:02,632][ INFO] At time 0.48, position is (-0.1226, -9.80965e-07, -2.00845e-07) and rotation is (0.949285, 0.0207099, -0.313735, -0.0286489)
[2024-10-16 02:20:02,632][ INFO] At time 0.49, position is (-0.1126, -9.00952e-07, -1.84463e-07) and rotation is (0.957163, 0.0193748, -0.288901, -0.0260806)
[2024-10-16 02:20:02,632][ INFO] At time 0.5, position is (-0.1026, -8.20938e-07, -1.68081e-07) and rotation is (0.96439, 0.0179733, -0.263873, -0.0235477)
[2024-10-16 02:20:02,632][ INFO] At time 0.51, position is (-0.0926, -7.40925e-07, -1.51699e-07) and rotation is (0.970961, 0.0165061, -0.238668, -0.0210519)
[2024-10-16 02:20:02,632][ INFO] At time 0.52, position is (-0.0826, -6.60911e-07, -1.35317e-07) and rotation is (0.976871, 0.0149744, -0.213304, -0.018595)
[2024-10-16 02:20:02,632][ INFO] At time 0.53, position is (-0.0726, -5.80898e-07, -1.18935e-07) and rotation is (0.982116, 0.0133791, -0.187799, -0.0161786)
[2024-10-16 02:20:02,632][ INFO] At time 0.54, position is (-0.0626, -5.00884e-07, -1.02552e-07) and rotation is (0.986693, 0.0117214, -0.162169, -0.0138044)
[2024-10-16 02:20:02,632][ INFO] At time 0.55, position is (-0.0526, -4.20871e-07, -8.61702e-08) and rotation is (0.990599, 0.0100024, -0.136431, -0.0114741)
[2024-10-16 02:20:02,632][ INFO] At time 0.56, position is (-0.0426, -3.40857e-07, -6.9788e-08) and rotation is (0.99383, 0.00822333, -0.110605, -0.00918913)
[2024-10-16 02:20:02,632][ INFO] At time 0.57, position is (-0.0326, -2.60844e-07, -5.34059e-08) and rotation is (0.996385, 0.00638532, -0.0847075, -0.00695116)
[2024-10-16 02:20:02,632][ INFO] At time 0.58, position is (-0.0226, -1.8083e-07, -3.70237e-08) and rotation is (0.998262, 0.00448967, -0.0587559, -0.00476169)
[2024-10-16 02:20:02,632][ INFO] At time 0.59, position is (-0.0126, -1.00817e-07, -2.06415e-08) and rotation is (0.99946, 0.00253767, -0.0327682, -0.00262224)
[2024-10-16 02:20:02,632][ INFO] At time 0.6, position is (-0.0026, -2.08035e-08, -4.25936e-09) and rotation is (0.999977, 0.000530664, -0.00676232, -0.000534265)
[2024-10-16 02:20:02,632][ INFO] At time 0.61, position is (0.0074, 5.921e-08, 1.21228e-08) and rotation is (0.999814, -0.00152998, 0.019244, 0.00150081)
[2024-10-16 02:20:02,632][ INFO] At time 0.62, position is (0.0174, 1.39223e-07, 2.8505e-08) and rotation is (0.99897, -0.00364284, 0.045233, 0.00348158)
[2024-10-16 02:20:02,632][ INFO] At time 0.63, position is (0.0274, 2.19237e-07, 4.48871e-08) and rotation is (0.997446, -0.00580649, 0.0711867, 0.0054067)
[2024-10-16 02:20:02,632][ INFO] At time 0.64, position is (0.0374, 2.9925e-07, 6.12693e-08) and rotation is (0.995244, -0.00801942, 0.0970876, 0.00727484)
[2024-10-16 02:20:02,632][ INFO] At time 0.65, position is (0.0474, 3.79264e-07, 7.76515e-08) and rotation is (0.992364, -0.0102801, 0.122918, 0.00908473)
[2024-10-16 02:20:02,632][ INFO] At time 0.66, position is (0.0574, 4.59277e-07, 9.40336e-08) and rotation is (0.988808, -0.0125871, 0.14866, 0.0108351)
[2024-10-16 02:20:02,632][ INFO] At time 0.67, position is (0.0674, 5.39291e-07, 1.10416e-07) and rotation is (0.98458, -0.0149387, 0.174295, 0.0125248)
[2024-10-16 02:20:02,632][ INFO] At time 0.68, position is (0.0774, 6.19304e-07, 1.26798e-07) and rotation is (0.979682, -0.0173333, 0.199808, 0.0141527)
[2024-10-16 02:20:02,632][ INFO] At time 0.69, position is (0.0874, 6.99318e-07, 1.4318e-07) and rotation is (0.974117, -0.0197694, 0.225179, 0.0157176)
[2024-10-16 02:20:02,632][ INFO] At time 0.7, position is (0.0974, 7.79331e-07, 1.59562e-07) and rotation is (0.967889, -0.0222451, 0.250392, 0.0172185)
[2024-10-16 02:20:02,632][ INFO] At time 0.71, position is (0.1074, 8.59345e-07, 1.75944e-07) and rotation is (0.961003, -0.024759, 0.275429, 0.0186543)
[2024-10-16 02:20:02,632][ INFO] At time 0.72, position is (0.1174, 9.39358e-07, 1.92327e-07) and rotation is (0.953462, -0.0273091, 0.300273, 0.020024)
[2024-10-16 02:20:02,632][ INFO] At time 0.73, position is (0.1274, 1.01937e-06, 2.08709e-07) and rotation is (0.945273, -0.0298938, 0.324908, 0.0213268)
[2024-10-16 02:20:02,632][ INFO] At time 0.74, position is (0.1374, 1.09939e-06, 2.25091e-07) and rotation is (0.936441, -0.0325113, 0.349316, 0.0225617)
[2024-10-16 02:20:02,633][ INFO] At time 0.75, position is (0.1474, 1.1794e-06, 2.41473e-07) and rotation is (0.926972, -0.0351598, 0.37348, 0.0237278)
[2024-10-16 02:20:02,633][ INFO] At time 0.76, position is (0.1574, 1.25941e-06, 2.57855e-07) and rotation is (0.916872, -0.0378375, 0.397384, 0.0248245)
[2024-10-16 02:20:02,633][ INFO] At time 0.77, position is (0.1674, 1.33943e-06, 2.74237e-07) and rotation is (0.906148, -0.0405426, 0.421013, 0.0258509)
[2024-10-16 02:20:02,633][ INFO] At time 0.78, position is (0.1774, 1.41944e-06, 2.9062e-07) and rotation is (0.894808, -0.0432731, 0.444348, 0.0268063)
[2024-10-16 02:20:02,633][ INFO] At time 0.79, position is (0.1874, 1.49945e-06, 3.07002e-07) and rotation is (0.88286, -0.0460273, 0.467375, 0.0276901)
[2024-10-16 02:20:02,633][ INFO] At time 0.8, position is (0.1974, 1.57947e-06, 3.23384e-07) and rotation is (0.870311, -0.0488033, 0.490078, 0.0285016)
[2024-10-16 02:20:02,633][ INFO] At time 0.81, position is (0.2074, 1.65948e-06, 3.39766e-07) and rotation is (0.85717, -0.0515991, 0.512442, 0.0292404)
[2024-10-16 02:20:02,633][ INFO] At time 0.82, position is (0.2174, 1.73949e-06, 3.56148e-07) and rotation is (0.843447, -0.0544128, 0.53445, 0.0299058)
[2024-10-16 02:20:02,633][ INFO] At time 0.83, position is (0.2274, 1.81951e-06, 3.7253e-07) and rotation is (0.82915, -0.0572426, 0.556087, 0.0304976)
[2024-10-16 02:20:02,633][ INFO] At time 0.84, position is (0.2374, 1.89952e-06, 3.88913e-07) and rotation is (0.81429, -0.0600864, 0.57734, 0.0310151)
[2024-10-16 02:20:02,633][ INFO] At time 0.85, position is (0.2474, 1.97953e-06, 4.05295e-07) and rotation is (0.798876, -0.0629424, 0.598193, 0.0314582)
[2024-10-16 02:20:02,633][ INFO] At time 0.86, position is (0.2574, 2.05955e-06, 4.21677e-07) and rotation is (0.782919, -0.0658085, 0.618633, 0.0318264)
[2024-10-16 02:20:02,633][ INFO] At time 0.87, position is (0.2674, 2.13956e-06, 4.38059e-07) and rotation is (0.766431, -0.0686828, 0.638644, 0.0321196)
[2024-10-16 02:20:02,633][ INFO] At time 0.88, position is (0.2774, 2.21957e-06, 4.54441e-07) and rotation is (0.749421, -0.0715634, 0.658215, 0.0323375)
[2024-10-16 02:20:02,633][ INFO] At time 0.89, position is (0.2874, 2.29959e-06, 4.70823e-07) and rotation is (0.731903, -0.0744482, 0.67733, 0.0324799)
[2024-10-16 02:20:02,633][ INFO] At time 0.9, position is (0.2974, 2.3796e-06, 4.87206e-07) and rotation is (0.713888, -0.0773353, 0.695977, 0.0325469)
[2024-10-16 02:20:02,633][ INFO] At time 0.91, position is (0.3074, 2.45961e-06, 5.03588e-07) and rotation is (0.695388, -0.0802227, 0.714143, 0.0325383)
[2024-10-16 02:20:02,633][ INFO] At time 0.92, position is (0.3174, 2.53963e-06, 5.1997e-07) and rotation is (0.676416, -0.0831085, 0.731816, 0.0324542)
[2024-10-16 02:20:02,633][ INFO] At time 0.93, position is (0.3274, 2.61964e-06, 5.36352e-07) and rotation is (0.656985, -0.0859906, 0.748984, 0.0322946)
[2024-10-16 02:20:02,633][ INFO] At time 0.94, position is (0.3374, 2.69965e-06, 5.52734e-07) and rotation is (0.637108, -0.0888671, 0.765634, 0.0320595)
[2024-10-16 02:20:02,633][ INFO] At time 0.95, position is (0.3474, 2.77967e-06, 5.69116e-07) and rotation is (0.616799, -0.0917361, 0.781757, 0.0317493)
[2024-10-16 02:20:02,633][ INFO] At time 0.96, position is (0.3574, 2.85968e-06, 5.85499e-07) and rotation is (0.596072, -0.0945954, 0.797339, 0.031364)
[2024-10-16 02:20:02,633][ INFO] At time 0.97, position is (0.3674, 2.93969e-06, 6.01881e-07) and rotation is (0.574941, -0.0974433, 0.812372, 0.030904)
[2024-10-16 02:20:02,633][ INFO] At time 0.98, position is (0.3774, 3.01971e-06, 6.18263e-07) and rotation is (0.553421, -0.100278, 0.826843, 0.0303696)
[2024-10-16 02:20:02,633][ INFO] At time 0.99, position is (0.3874, 3.09972e-06, 6.34645e-07) and rotation is (0.531525, -0.103097, 0.840745, 0.0297611)
